<?xml version="1.0" encoding="UTF-8"?>
<testng-results skipped="0" failed="0" total="1" passed="1">
  <reporter-output>
  </reporter-output>
  <suite name="Suite" duration-ms="42239" started-at="2020-11-21T16:13:58Z" finished-at="2020-11-21T16:14:40Z">
    <groups>
      <group name="cucumber">
        <method signature="AbstractTestNGCucumberTests.feature(cucumber.api.testng.CucumberFeatureWrapper)[pri:0, instance:runner.ExecuteTestRunner@6c49835d]" name="feature" class="cucumber.api.testng.AbstractTestNGCucumberTests"/>
      </group> <!-- cucumber -->
    </groups>
    <test name="Test" duration-ms="42239" started-at="2020-11-21T16:13:58Z" finished-at="2020-11-21T16:14:40Z">
      <class name="runner.ExecuteTestRunner">
        <test-method status="PASS" signature="setUpClass()[pri:0, instance:runner.ExecuteTestRunner@6c49835d]" name="setUpClass" is-config="true" duration-ms="522" started-at="2020-11-21T21:43:58Z" finished-at="2020-11-21T21:43:59Z">
          <reporter-output>
          </reporter-output>
        </test-method> <!-- setUpClass -->
        <test-method status="PASS" signature="feature(cucumber.api.testng.CucumberFeatureWrapper)[pri:0, instance:runner.ExecuteTestRunner@6c49835d]" name="feature" duration-ms="39160" started-at="2020-11-21T21:43:59Z" description="Runs Cucumber Feature" data-provider="features" finished-at="2020-11-21T21:44:38Z">
          <params>
            <param index="0">
              <value>
                <![CDATA[Login function for OGNOMY Application]]>
              </value>
            </param>
          </params>
          <reporter-output>
          </reporter-output>
        </test-method> <!-- feature -->
        <test-method status="PASS" signature="writeExtentReport()[pri:0, instance:runner.ExecuteTestRunner@6c49835d]" name="writeExtentReport" is-config="true" duration-ms="196" started-at="2020-11-21T21:44:38Z" finished-at="2020-11-21T21:44:38Z">
          <reporter-output>
          </reporter-output>
        </test-method> <!-- writeExtentReport -->
        <test-method status="PASS" signature="tearDownClass()[pri:0, instance:runner.ExecuteTestRunner@6c49835d]" name="tearDownClass" is-config="true" duration-ms="2147" started-at="2020-11-21T21:44:38Z" finished-at="2020-11-21T21:44:40Z">
          <reporter-output>
          </reporter-output>
        </test-method> <!-- tearDownClass -->
      </class> <!-- runner.ExecuteTestRunner -->
    </test> <!-- Test -->
  </suite> <!-- Suite -->
</testng-results>
